<?xml version="1.0" encoding="UTF-8"?>
<testsuite xmlns:xsi="http://www.w3.org/2001/XMLSchema-instance" xsi:noNamespaceSchemaLocation="https://maven.apache.org/surefire/maven-surefire-plugin/xsd/surefire-test-report-3.0.xsd" version="3.0" name="TestSuite" time="10.652" tests="11" errors="0" skipped="0" failures="0">
  <properties>
    <property name="java.specification.version" value="17"/>
    <property name="sun.cpu.isalist" value="amd64"/>
    <property name="sun.jnu.encoding" value="Cp1252"/>
    <property name="java.class.path" value="c:\Users\Lenovo\Documents\KULIAH POLBAN\SEMESTER 6\SOFTWARE TESTING\TUGAS WEEK 10 - API TESTING\B11 - Automation API Testing\b11-rest-assured-dummy-api\target\test-classes;c:\Users\Lenovo\Documents\KULIAH POLBAN\SEMESTER 6\SOFTWARE TESTING\TUGAS WEEK 10 - API TESTING\B11 - Automation API Testing\b11-rest-assured-dummy-api\target\classes;C:\Users\Lenovo\.m2\repository\io\rest-assured\rest-assured\5.1.1\rest-assured-5.1.1.jar;C:\Users\Lenovo\.m2\repository\org\apache\groovy\groovy\4.0.1\groovy-4.0.1.jar;C:\Users\Lenovo\.m2\repository\org\apache\groovy\groovy-xml\4.0.1\groovy-xml-4.0.1.jar;C:\Users\Lenovo\.m2\repository\org\apache\httpcomponents\httpclient\4.5.13\httpclient-4.5.13.jar;C:\Users\Lenovo\.m2\repository\org\apache\httpcomponents\httpcore\4.4.13\httpcore-4.4.13.jar;C:\Users\Lenovo\.m2\repository\commons-logging\commons-logging\1.2\commons-logging-1.2.jar;C:\Users\Lenovo\.m2\repository\commons-codec\commons-codec\1.11\commons-codec-1.11.jar;C:\Users\Lenovo\.m2\repository\org\apache\httpcomponents\httpmime\4.5.13\httpmime-4.5.13.jar;C:\Users\Lenovo\.m2\repository\org\hamcrest\hamcrest\2.1\hamcrest-2.1.jar;C:\Users\Lenovo\.m2\repository\org\ccil\cowan\tagsoup\tagsoup\1.2.1\tagsoup-1.2.1.jar;C:\Users\Lenovo\.m2\repository\io\rest-assured\json-path\5.1.1\json-path-5.1.1.jar;C:\Users\Lenovo\.m2\repository\org\apache\groovy\groovy-json\4.0.1\groovy-json-4.0.1.jar;C:\Users\Lenovo\.m2\repository\io\rest-assured\rest-assured-common\5.1.1\rest-assured-common-5.1.1.jar;C:\Users\Lenovo\.m2\repository\io\rest-assured\xml-path\5.1.1\xml-path-5.1.1.jar;C:\Users\Lenovo\.m2\repository\org\apache\commons\commons-lang3\3.11\commons-lang3-3.11.jar;C:\Users\Lenovo\.m2\repository\org\testng\testng\7.5\testng-7.5.jar;C:\Users\Lenovo\.m2\repository\com\google\code\findbugs\jsr305\3.0.1\jsr305-3.0.1.jar;C:\Users\Lenovo\.m2\repository\com\beust\jcommander\1.78\jcommander-1.78.jar;C:\Users\Lenovo\.m2\repository\org\webjars\jquery\3.5.1\jquery-3.5.1.jar;C:\Users\Lenovo\.m2\repository\ch\qos\logback\logback-classic\1.2.10\logback-classic-1.2.10.jar;C:\Users\Lenovo\.m2\repository\ch\qos\logback\logback-core\1.2.10\logback-core-1.2.10.jar;C:\Users\Lenovo\.m2\repository\org\slf4j\slf4j-api\1.7.5\slf4j-api-1.7.5.jar;C:\Users\Lenovo\.m2\repository\org\slf4j\slf4j-log4j12\1.7.5\slf4j-log4j12-1.7.5.jar;C:\Users\Lenovo\.m2\repository\log4j\log4j\1.2.17\log4j-1.2.17.jar;C:\Users\Lenovo\.m2\repository\org\aspectj\aspectjweaver\1.9.19\aspectjweaver-1.9.19.jar;"/>
    <property name="java.vm.vendor" value="Oracle Corporation"/>
    <property name="sun.arch.data.model" value="64"/>
    <property name="user.variant" value=""/>
    <property name="java.vendor.url" value="https://java.oracle.com/"/>
    <property name="user.timezone" value="Asia/Jakarta"/>
    <property name="os.name" value="Windows 11"/>
    <property name="java.vm.specification.version" value="17"/>
    <property name="sun.java.launcher" value="SUN_STANDARD"/>
    <property name="user.country" value="ID"/>
    <property name="sun.boot.library.path" value="C:\Program Files\Java\jdk-17\bin"/>
    <property name="sun.java.command" value="C:\Users\Lenovo\AppData\Local\Temp\surefire13871625838076690662\surefirebooter-20240504193508280_3.jar C:\Users\Lenovo\AppData\Local\Temp\surefire13871625838076690662 2024-05-04T19-35-07_509-jvmRun1 surefire-20240504193508280_1tmp surefire_0-20240504193508280_2tmp"/>
    <property name="jdk.debug" value="release"/>
    <property name="surefire.test.class.path" value="c:\Users\Lenovo\Documents\KULIAH POLBAN\SEMESTER 6\SOFTWARE TESTING\TUGAS WEEK 10 - API TESTING\B11 - Automation API Testing\b11-rest-assured-dummy-api\target\test-classes;c:\Users\Lenovo\Documents\KULIAH POLBAN\SEMESTER 6\SOFTWARE TESTING\TUGAS WEEK 10 - API TESTING\B11 - Automation API Testing\b11-rest-assured-dummy-api\target\classes;C:\Users\Lenovo\.m2\repository\io\rest-assured\rest-assured\5.1.1\rest-assured-5.1.1.jar;C:\Users\Lenovo\.m2\repository\org\apache\groovy\groovy\4.0.1\groovy-4.0.1.jar;C:\Users\Lenovo\.m2\repository\org\apache\groovy\groovy-xml\4.0.1\groovy-xml-4.0.1.jar;C:\Users\Lenovo\.m2\repository\org\apache\httpcomponents\httpclient\4.5.13\httpclient-4.5.13.jar;C:\Users\Lenovo\.m2\repository\org\apache\httpcomponents\httpcore\4.4.13\httpcore-4.4.13.jar;C:\Users\Lenovo\.m2\repository\commons-logging\commons-logging\1.2\commons-logging-1.2.jar;C:\Users\Lenovo\.m2\repository\commons-codec\commons-codec\1.11\commons-codec-1.11.jar;C:\Users\Lenovo\.m2\repository\org\apache\httpcomponents\httpmime\4.5.13\httpmime-4.5.13.jar;C:\Users\Lenovo\.m2\repository\org\hamcrest\hamcrest\2.1\hamcrest-2.1.jar;C:\Users\Lenovo\.m2\repository\org\ccil\cowan\tagsoup\tagsoup\1.2.1\tagsoup-1.2.1.jar;C:\Users\Lenovo\.m2\repository\io\rest-assured\json-path\5.1.1\json-path-5.1.1.jar;C:\Users\Lenovo\.m2\repository\org\apache\groovy\groovy-json\4.0.1\groovy-json-4.0.1.jar;C:\Users\Lenovo\.m2\repository\io\rest-assured\rest-assured-common\5.1.1\rest-assured-common-5.1.1.jar;C:\Users\Lenovo\.m2\repository\io\rest-assured\xml-path\5.1.1\xml-path-5.1.1.jar;C:\Users\Lenovo\.m2\repository\org\apache\commons\commons-lang3\3.11\commons-lang3-3.11.jar;C:\Users\Lenovo\.m2\repository\org\testng\testng\7.5\testng-7.5.jar;C:\Users\Lenovo\.m2\repository\com\google\code\findbugs\jsr305\3.0.1\jsr305-3.0.1.jar;C:\Users\Lenovo\.m2\repository\com\beust\jcommander\1.78\jcommander-1.78.jar;C:\Users\Lenovo\.m2\repository\org\webjars\jquery\3.5.1\jquery-3.5.1.jar;C:\Users\Lenovo\.m2\repository\ch\qos\logback\logback-classic\1.2.10\logback-classic-1.2.10.jar;C:\Users\Lenovo\.m2\repository\ch\qos\logback\logback-core\1.2.10\logback-core-1.2.10.jar;C:\Users\Lenovo\.m2\repository\org\slf4j\slf4j-api\1.7.5\slf4j-api-1.7.5.jar;C:\Users\Lenovo\.m2\repository\org\slf4j\slf4j-log4j12\1.7.5\slf4j-log4j12-1.7.5.jar;C:\Users\Lenovo\.m2\repository\log4j\log4j\1.2.17\log4j-1.2.17.jar;C:\Users\Lenovo\.m2\repository\org\aspectj\aspectjweaver\1.9.19\aspectjweaver-1.9.19.jar;"/>
    <property name="sun.cpu.endian" value="little"/>
    <property name="user.home" value="C:\Users\Lenovo"/>
    <property name="user.language" value="en"/>
    <property name="java.specification.vendor" value="Oracle Corporation"/>
    <property name="java.version.date" value="2024-01-16"/>
    <property name="java.home" value="C:\Program Files\Java\jdk-17"/>
    <property name="file.separator" value="\"/>
    <property name="basedir" value="c:\Users\Lenovo\Documents\KULIAH POLBAN\SEMESTER 6\SOFTWARE TESTING\TUGAS WEEK 10 - API TESTING\B11 - Automation API Testing\b11-rest-assured-dummy-api"/>
    <property name="java.vm.compressedOopsMode" value="32-bit"/>
    <property name="line.separator" value="&#10;"/>
    <property name="java.vm.specification.vendor" value="Oracle Corporation"/>
    <property name="java.specification.name" value="Java Platform API Specification"/>
    <property name="surefire.real.class.path" value="C:\Users\Lenovo\AppData\Local\Temp\surefire13871625838076690662\surefirebooter-20240504193508280_3.jar"/>
    <property name="user.script" value=""/>
    <property name="sun.management.compiler" value="HotSpot 64-Bit Tiered Compilers"/>
    <property name="java.runtime.version" value="17.0.10+11-LTS-240"/>
    <property name="user.name" value="Lenovo"/>
    <property name="path.separator" value=";"/>
    <property name="os.version" value="10.0"/>
    <property name="java.runtime.name" value="Java(TM) SE Runtime Environment"/>
    <property name="file.encoding" value="Cp1252"/>
    <property name="java.vm.name" value="Java HotSpot(TM) 64-Bit Server VM"/>
    <property name="localRepository" value="C:\Users\Lenovo\.m2\repository"/>
    <property name="java.vendor.url.bug" value="https://bugreport.java.com/bugreport/"/>
    <property name="java.io.tmpdir" value="C:\Users\Lenovo\AppData\Local\Temp\"/>
    <property name="java.version" value="17.0.10"/>
    <property name="user.dir" value="c:\Users\Lenovo\Documents\KULIAH POLBAN\SEMESTER 6\SOFTWARE TESTING\TUGAS WEEK 10 - API TESTING\B11 - Automation API Testing\b11-rest-assured-dummy-api"/>
    <property name="os.arch" value="amd64"/>
    <property name="java.vm.specification.name" value="Java Virtual Machine Specification"/>
    <property name="sun.os.patch.level" value=""/>
    <property name="native.encoding" value="Cp1252"/>
    <property name="java.library.path" value="C:\Program Files\Java\jdk-17\bin;C:\Windows\Sun\Java\bin;C:\Windows\system32;C:\Windows;C:\Program Files\Common Files\Oracle\Java\javapath;C:\Windows\system32;C:\Windows;C:\Windows\System32\Wbem;C:\Windows\System32\WindowsPowerShell\v1.0\;C:\Windows\System32\OpenSSH\;C:\Program Files (x86)\NVIDIA Corporation\PhysX\Common;C:\Program Files\NVIDIA Corporation\NVIDIA NvDLISR;D:\apache-maven-4.0.0-alpha-12\bin;C:\Program Files\Java\jdk-17\bin;C:\Program Files\Git\cmd;C:\Program Files\Docker\Docker\resources\bin;C:\Program Files\PuTTY\;C:\Users\Lenovo\AppData\Local\Microsoft\WindowsApps;C:\Users\Lenovo\AppData\Local\Programs\Microsoft VS Code\bin;D:\apache-maven-4.0.0-alpha-12\bin;C:\Program Files\JetBrains\IntelliJ IDEA 2023.3.4\bin;;C:\Program Files\Java\jdk-17\bin;C:\Program Files\gradle-8.7\bin;;."/>
    <property name="java.vm.info" value="mixed mode, sharing"/>
    <property name="java.vendor" value="Oracle Corporation"/>
    <property name="java.vm.version" value="17.0.10+11-LTS-240"/>
    <property name="sun.io.unicode.encoding" value="UnicodeLittle"/>
    <property name="java.class.version" value="61.0"/>
  </properties>
  <testcase name="testUpdateUserWithInvalidAppId" classname="com.restassured.dummyapi.DummyApiTests" time="2.472">
    <system-out><![CDATA[2024-05-04 19:35:08,800 DEBUG [main] o.t.TestNG - suiteXmlPath: "c:\Users\Lenovo\Documents\KULIAH POLBAN\SEMESTER 6\SOFTWARE TESTING\TUGAS WEEK 10 - API TESTING\B11 - Automation API Testing\b11-rest-assured-dummy-api\src\test\resources\testng.xml"
2024-05-04 19:35:09,008 DEBUG [main] o.t.i.Graph - [Graph] ADDING NODE DummyApiTests.testUpdateUserWithInvalidAppId()[pri:0, instance:com.restassured.dummyapi.DummyApiTests@3246fb96] -427384893
2024-05-04 19:35:09,008 DEBUG [main] o.t.i.Graph - [Graph] ADDING NODE GetUserByIdApiTests.testGetUserByValidUserIdbutUnregistered()[pri:0, instance:com.restassured.dummyapi.GetUserByIdApiTests@3e6ef8ad] 484240670
2024-05-04 19:35:09,008 DEBUG [main] o.t.i.Graph - [Graph] ADDING NODE GetUserByIdApiTests.testGetUserByAppIdNotFilled()[pri:0, instance:com.restassured.dummyapi.GetUserByIdApiTests@3e6ef8ad] 412941727
2024-05-04 19:35:09,008 DEBUG [main] o.t.i.Graph - [Graph] ADDING NODE GetUserByIdApiTests.testGetUserByValidUserAndAppId()[pri:0, instance:com.restassured.dummyapi.GetUserByIdApiTests@3e6ef8ad] 4362936
2024-05-04 19:35:09,008 DEBUG [main] o.t.i.Graph - [Graph] ADDING NODE GetUserByIdApiTests.testGetUserByInvalidUserId()[pri:0, instance:com.restassured.dummyapi.GetUserByIdApiTests@3e6ef8ad] 135569767
2024-05-04 19:35:09,010 DEBUG [main] o.t.i.Graph - [Graph] ADDING NODE GetUserByIdApiTests.testGetUserByInvalidAppId()[pri:0, instance:com.restassured.dummyapi.GetUserByIdApiTests@3e6ef8ad] 119679475
2024-05-04 19:35:09,010 DEBUG [main] o.t.i.Graph - [Graph] ADDING NODE DeleteUserApiTests.testDeleteUserWithAppIdUnregistered()[pri:0, instance:com.restassured.dummyapi.DeleteUserApiTests@346d61be] -1030914447
2024-05-04 19:35:09,010 DEBUG [main] o.t.i.Graph - [Graph] ADDING NODE DeleteUserApiTests.testDeleteUserWithValidUserAndAppId()[pri:0, instance:com.restassured.dummyapi.DeleteUserApiTests@346d61be] 1974837990
2024-05-04 19:35:09,010 DEBUG [main] o.t.i.Graph - [Graph] ADDING NODE DeleteUserApiTests.testDeleteUserWithdAppIdNotFilled()[pri:0, instance:com.restassured.dummyapi.DeleteUserApiTests@346d61be] 1698701015
2024-05-04 19:35:09,010 DEBUG [main] o.t.i.Graph - [Graph] ADDING NODE DeleteUserApiTests.testDeleteUserWithValidUserIdbutUnregistered()[pri:0, instance:com.restassured.dummyapi.DeleteUserApiTests@346d61be] 958602480
2024-05-04 19:35:09,010 DEBUG [main] o.t.i.Graph - [Graph] ADDING NODE DeleteUserApiTests.testDeleteUserWithInvalidAppId()[pri:0, instance:com.restassured.dummyapi.DeleteUserApiTests@346d61be] 326155019
2024-05-04 19:35:09,010 DEBUG [main] o.t.i.Graph - [Graph] ================ SORTING
2024-05-04 19:35:09,010 DEBUG [main] o.t.i.Graph - [Graph] =============== DONE SORTING
2024-05-04 19:35:09,010 DEBUG [main] o.t.i.Graph - [Graph] ====== SORTED NODES
2024-05-04 19:35:09,010 DEBUG [main] o.t.i.Graph - [Graph] ====== END SORTED NODES
Complete Response Body: {"error":"APP_ID_NOT_EXIST"}
]]></system-out>
    <system-err><![CDATA[SLF4J: Class path contains multiple SLF4J bindings.
SLF4J: Found binding in [jar:file:/C:/Users/Lenovo/.m2/repository/ch/qos/logback/logback-classic/1.2.10/logback-classic-1.2.10.jar!/org/slf4j/impl/StaticLoggerBinder.class]
SLF4J: Found binding in [jar:file:/C:/Users/Lenovo/.m2/repository/org/slf4j/slf4j-log4j12/1.7.5/slf4j-log4j12-1.7.5.jar!/org/slf4j/impl/StaticLoggerBinder.class]
SLF4J: See http://www.slf4j.org/codes.html#multiple_bindings for an explanation.
SLF4J: Actual binding is of type [ch.qos.logback.classic.util.ContextSelectorStaticBinder]
log4j:WARN No appenders could be found for logger (org.apache.http.impl.conn.BasicClientConnectionManager).
log4j:WARN Please initialize the log4j system properly.
log4j:WARN See http://logging.apache.org/log4j/1.2/faq.html#noconfig for more info.
]]></system-err>
  </testcase>
  <testcase name="testGetUserByAppIdNotFilled" classname="com.restassured.dummyapi.GetUserByIdApiTests" time="0.81">
    <system-out><![CDATA[Complete Response Body: {"error":"APP_ID_MISSING"}
]]></system-out>
  </testcase>
  <testcase name="testGetUserByInvalidAppId" classname="com.restassured.dummyapi.GetUserByIdApiTests" time="0.954">
    <system-out><![CDATA[Complete Response Body: {"error":"APP_ID_NOT_EXIST"}
]]></system-out>
  </testcase>
  <testcase name="testGetUserByInvalidUserId" classname="com.restassured.dummyapi.GetUserByIdApiTests" time="0.647">
    <system-out><![CDATA[Complete Response Body: {"error":"PARAMS_NOT_VALID"}
]]></system-out>
  </testcase>
  <testcase name="testGetUserByValidUserAndAppId" classname="com.restassured.dummyapi.GetUserByIdApiTests" time="0.589">
    <system-out><![CDATA[Complete Response Body: {"id":"60d0fe4f5311236168a109cb","title":"miss","firstName":"Edita","lastName":"Vestering","picture":"https://randomuser.me/api/portraits/med/women/89.jpg","gender":"female","email":"edita.vestering@example.com","dateOfBirth":"1956-04-15T00:10:35.555Z","phone":"(019)-646-0430","location":{"street":"1371, Dilledonk-Zuid","city":"Den Bommel","state":"Gelderland","country":"Netherlands","timezone":"-5:00"},"registerDate":"2021-06-21T21:02:07.533Z","updatedDate":"2021-06-21T21:02:07.533Z"}
]]></system-out>
  </testcase>
  <testcase name="testGetUserByValidUserIdbutUnregistered" classname="com.restassured.dummyapi.GetUserByIdApiTests" time="1.121">
    <system-out><![CDATA[Complete Response Body: {"error":"RESOURCE_NOT_FOUND"}
]]></system-out>
  </testcase>
  <testcase name="testDeleteUserWithAppIdUnregistered" classname="com.restassured.dummyapi.DeleteUserApiTests" time="0.564">
    <system-out><![CDATA[Complete Response Body: {"error":"APP_ID_NOT_EXIST"}
]]></system-out>
  </testcase>
  <testcase name="testDeleteUserWithInvalidAppId" classname="com.restassured.dummyapi.DeleteUserApiTests" time="0.879">
    <system-out><![CDATA[Complete Response Body: {"error":"APP_ID_NOT_EXIST"}
]]></system-out>
  </testcase>
  <testcase name="testDeleteUserWithValidUserAndAppId" classname="com.restassured.dummyapi.DeleteUserApiTests" time="0.491">
    <system-out><![CDATA[Complete Response Body: {"id":"60d0fe4f5311236168a109cc"}
]]></system-out>
  </testcase>
  <testcase name="testDeleteUserWithValidUserIdbutUnregistered" classname="com.restassured.dummyapi.DeleteUserApiTests" time="0.51">
    <system-out><![CDATA[Complete Response Body: {"error":"RESOURCE_NOT_FOUND"}
]]></system-out>
  </testcase>
  <testcase name="testDeleteUserWithdAppIdNotFilled" classname="com.restassured.dummyapi.DeleteUserApiTests" time="0.87">
    <system-out><![CDATA[Complete Response Body: {"error":"APP_ID_MISSING"}
]]></system-out>
  </testcase>
</testsuite>