<?xml version="1.0" encoding="UTF-8"?>
<!-- Generated by org.testng.reporters.JUnitReportReporter -->
<testsuite hostname="LAPTOP-BHK6GBNA" failures="0" tests="1" name="com.restassured.dummyapi.DummyApiTests" time="2.477" errors="0" timestamp="2024-05-04T19:35:19 WIB" skipped="0">
  <testcase classname="com.restassured.dummyapi.DummyApiTests" name="testUpdateUserWithInvalidAppId" time="2.477"/>
  <system-out/>
</testsuite> <!-- com.restassured.dummyapi.DummyApiTests -->
