<?xml version="1.0" encoding="UTF-8"?>
<!-- Generated by org.testng.reporters.JUnitReportReporter -->
<testsuite hostname="ASUS-A407UF" failures="0" tests="1" name="com.restassured.dummyapi.DummyApiTests" time="6.663" errors="0" timestamp="2024-05-04T10:59:12 WIB" skipped="0">
  <testcase classname="com.restassured.dummyapi.DummyApiTests" name="testUpdateUserWithInvalidAppId" time="6.663"/>
  <system-out/>
</testsuite> <!-- com.restassured.dummyapi.DummyApiTests -->
