<?xml version="1.0" encoding="UTF-8"?>
<!-- Generated by org.testng.reporters.JUnitReportReporter -->
<testsuite hostname="LAPTOP-BHK6GBNA" failures="0" tests="5" name="com.restassured.dummyapi.GetUserByIdApiTests" time="4.117" errors="0" timestamp="2024-05-04T19:35:19 WIB" skipped="0">
  <testcase classname="com.restassured.dummyapi.GetUserByIdApiTests" name="testGetUserByInvalidAppId" time="0.932"/>
  <system-out/>
  <testcase classname="com.restassured.dummyapi.GetUserByIdApiTests" name="testGetUserByInvalidUserId" time="0.658"/>
  <system-out/>
  <testcase classname="com.restassured.dummyapi.GetUserByIdApiTests" name="testGetUserByValidUserAndAppId" time="0.597"/>
  <system-out/>
  <testcase classname="com.restassured.dummyapi.GetUserByIdApiTests" name="testGetUserByValidUserIdbutUnregistered" time="1.121"/>
  <system-out/>
  <testcase classname="com.restassured.dummyapi.GetUserByIdApiTests" name="testGetUserByAppIdNotFilled" time="0.809"/>
  <system-out/>
</testsuite> <!-- com.restassured.dummyapi.GetUserByIdApiTests -->
