<?xml version="1.0" encoding="UTF-8"?>
<!-- Generated by org.testng.reporters.JUnitReportReporter -->
<testsuite hostname="LAPTOP-BHK6GBNA" failures="0" tests="5" name="com.restassured.dummyapi.DeleteUserApiTests" time="3.303" errors="0" timestamp="2024-05-04T19:35:19 WIB" skipped="0">
  <testcase classname="com.restassured.dummyapi.DeleteUserApiTests" name="testDeleteUserWithValidUserIdbutUnregistered" time="0.501"/>
  <system-out/>
  <testcase classname="com.restassured.dummyapi.DeleteUserApiTests" name="testDeleteUserWithAppIdUnregistered" time="0.559"/>
  <system-out/>
  <testcase classname="com.restassured.dummyapi.DeleteUserApiTests" name="testDeleteUserWithInvalidAppId" time="0.880"/>
  <system-out/>
  <testcase classname="com.restassured.dummyapi.DeleteUserApiTests" name="testDeleteUserWithValidUserAndAppId" time="0.490"/>
  <system-out/>
  <testcase classname="com.restassured.dummyapi.DeleteUserApiTests" name="testDeleteUserWithdAppIdNotFilled" time="0.873"/>
  <system-out/>
</testsuite> <!-- com.restassured.dummyapi.DeleteUserApiTests -->
